<?xml version="1.0" encoding="UTF-8" ?>
<testsuite tests="2" failures="0" name="pojo.Dom4jTest" time="0.064" errors="0" skipped="0">
  <properties>
    <property name="idea.version" value="2021.2.2"/>
    <property name="java.runtime.name" value="Java(TM) SE Runtime Environment"/>
    <property name="java.vm.version" value="16.0.1+9-24"/>
    <property name="sun.boot.library.path" value="D:\software\jdk16\bin"/>
    <property name="maven.multiModuleProjectDirectory" value="E:\ProgrammExecise\javaTest\onlineBookStore"/>
    <property name="java.vm.vendor" value="Oracle Corporation"/>
    <property name="java.vendor.url" value="https://java.oracle.com/"/>
    <property name="guice.disable.misplaced.annotation.check" value="true"/>
    <property name="path.separator" value=";"/>
    <property name="java.vm.name" value="Java HotSpot(TM) 64-Bit Server VM"/>
    <property name="sun.os.patch.level" value=""/>
    <property name="user.script" value=""/>
    <property name="user.country" value="CN"/>
    <property name="sun.java.launcher" value="SUN_STANDARD"/>
    <property name="java.vm.specification.name" value="Java Virtual Machine Specification"/>
    <property name="user.dir" value="E:\ProgrammExecise\javaTest\onlineBookStore"/>
    <property name="java.vm.compressedOopsMode" value="Zero based"/>
    <property name="java.runtime.version" value="16.0.1+9-24"/>
    <property name="os.arch" value="amd64"/>
    <property name="java.io.tmpdir" value="C:\Users\ADMINI~1\AppData\Local\Temp\"/>
    <property name="line.separator" value="
"/>
    <property name="java.vm.specification.vendor" value="Oracle Corporation"/>
    <property name="user.variant" value=""/>
    <property name="os.name" value="Windows 10"/>
    <property name="maven.ext.class.path" value="D:\software\symenu\ProgramFiles\SPSSuite\SyMenuSuite\IntelliJ_IDEA_Ultimate_portable_sps\app\plugins\maven\lib\maven-event-listener.jar"/>
    <property name="classworlds.conf" value="D:\software\symenu\ProgramFiles\SPSSuite\SyMenuSuite\IntelliJ_IDEA_Ultimate_portable_sps\app\plugins\maven\lib\maven3\bin\m2.conf"/>
    <property name="sun.jnu.encoding" value="GBK"/>
    <property name="java.library.path" value="D:\software\jdk16\bin;C:\WINDOWS\Sun\Java\bin;C:\WINDOWS\system32;C:\WINDOWS;C:\Program Files\Common Files\Oracle\Java\javapath;C:\Program Files (x86)\Razer Chroma SDK\bin;C:\Program Files\Razer Chroma SDK\bin;C:\Program Files (x86)\Razer\ChromaBroadcast\bin;C:\Program Files\Razer\ChromaBroadcast\bin;C:\WINDOWS\system32\WBEM;C:\WINDOWS\system32;C:\WINDOWS;C:\WINDOWS\System32\Wbem;C:\WINDOWS\System32\WindowsPowerShell\v1.0\;C:\WINDOWS\System32\OpenSSH\;C:\WINDOWS\system32\config\systemprofile\AppData\Local\Microsoft\WindowsApps;C:\Program Files\Microsoft SQL Server\Client SDK\ODBC\170\Tools\Binn\;C:\Users\Administrator\.cargo\bin;C:\Program Files (x86)\Wolfram Research\WolframScript\;C:\Program Files\dotnet\;C:\Program Files\Microsoft SQL Server\130\Tools\Binn\;C:\Users\Administrator\.dotnet\tools;C:\boost-build\bin;C:\WINDOWS\system32;C:\WINDOWS;C:\WINDOWS\System32\Wbem;C:\WINDOWS\System32\WindowsPowerShell\v1.0\;C:\WINDOWS\System32\OpenSSH\;D:\software\cmake\bin;C:\Program Files (x86)\dotnet\;C:\Program Files\Microsoft SQL Server\110\Tools\Binn\;C:\Program Files\Microsoft SQL Server\120\Tools\Binn\;C:\tools\lxrunoffline;G:\portapps\miktexPorta\miktex\bin\x64;D:\software\matlab\runtime\win64;D:\software\matlab\bin;D:\software\nodeJs\;D:\software\go\117\go1.17.1\bin;D:\software\maven\apache-maven-3.8.2\bin;G:\portapps\git\PortableGit\bin;D:\paragon\;C:\Users\Administrator\.cargo\bin;C:\Users\Administrator\AppData\Local\Microsoft\WindowsApps;C:\Users\Administrator\.dotnet\tools;C:\Program Files\mingw\mingw64\bin;D:\software\goland\GoLand 2020.2.2\bin;;C:\Users\Administrator\AppData\Local\Microsoft\WindowsApps;C:\Users\Administrator\.dotnet\tools;G:\SyMenu\ProgramFiles\SPSSuite\SyMenuSuite\Atom_Portable_sps\resources\app\apm\bin;C:\Users\Administrator\AppData\Roaming\npm;C:\Users\Administrator\AppData\Local\GitHubDesktop\bin;."/>
    <property name="maven.conf" value="D:\software\symenu\ProgramFiles\SPSSuite\SyMenuSuite\IntelliJ_IDEA_Ultimate_portable_sps\app\plugins\maven\lib\maven3/conf"/>
    <property name="jdk.debug" value="release"/>
    <property name="java.class.version" value="60.0"/>
    <property name="java.specification.name" value="Java Platform API Specification"/>
    <property name="sun.management.compiler" value="HotSpot 64-Bit Tiered Compilers"/>
    <property name="os.version" value="10.0"/>
    <property name="user.home" value="C:\Users\Administrator"/>
    <property name="user.timezone" value="Asia/Shanghai"/>
    <property name="file.encoding" value="UTF-8"/>
    <property name="java.specification.version" value="16"/>
    <property name="user.name" value="Administrator"/>
    <property name="java.class.path" value="D:\software\symenu\ProgramFiles\SPSSuite\SyMenuSuite\IntelliJ_IDEA_Ultimate_portable_sps\app\plugins\maven\lib\maven3\boot\plexus-classworlds-2.6.0.jar;D:\software\symenu\ProgramFiles\SPSSuite\SyMenuSuite\IntelliJ_IDEA_Ultimate_portable_sps\app\plugins\maven\lib\maven3\boot\plexus-classworlds.license"/>
    <property name="java.vm.specification.version" value="16"/>
    <property name="sun.arch.data.model" value="64"/>
    <property name="sun.java.command" value="org.codehaus.classworlds.Launcher -Didea.version=2021.2.2 package"/>
    <property name="java.home" value="D:\software\jdk16"/>
    <property name="user.language" value="zh"/>
    <property name="java.specification.vendor" value="Oracle Corporation"/>
    <property name="java.vm.info" value="mixed mode, sharing"/>
    <property name="java.version" value="16.0.1"/>
    <property name="java.vendor" value="Oracle Corporation"/>
    <property name="maven.home" value="D:\software\symenu\ProgramFiles\SPSSuite\SyMenuSuite\IntelliJ_IDEA_Ultimate_portable_sps\app\plugins\maven\lib\maven3"/>
    <property name="file.separator" value="\"/>
    <property name="java.version.date" value="2021-04-20"/>
    <property name="java.vendor.url.bug" value="https://bugreport.java.com/bugreport/"/>
    <property name="sun.io.unicode.encoding" value="UnicodeLittle"/>
    <property name="sun.cpu.endian" value="little"/>
    <property name="sun.cpu.isalist" value="amd64"/>
  </properties>
  <testcase classname="pojo.Dom4jTest" name="test1" time="0.064"/>
  <testcase classname="pojo.Dom4jTest" name="test2" time="0"/>
</testsuite>